<?xml version="1.0" encoding="UTF-8"?>
<testng-results ignored="20" total="31" passed="10" failed="1" skipped="0">
  <reporter-output>
  </reporter-output>
  <suite started-at="2022-06-01T20:13:43 IST" name="Suite" finished-at="2022-06-01T20:15:10 IST" duration-ms="86534">
    <groups>
    </groups>
    <test started-at="2022-06-01T20:13:43 IST" name="Test" finished-at="2022-06-01T20:15:10 IST" duration-ms="86534">
      <class name="com.mindtree.testcases.SearchTest">
        <test-method signature="Search()[pri:0, instance:com.mindtree.testcases.SearchTest@58cd06cb]" started-at="2022-06-01T20:14:17 IST" name="Search" finished-at="2022-06-01T20:14:22 IST" duration-ms="5331" status="PASS">
          <reporter-output>
          </reporter-output>
        </test-method> <!-- Search -->
      </class> <!-- com.mindtree.testcases.SearchTest -->
      <class name="com.mindtree.testcases.HomePageTest">
        <test-method is-config="true" signature="setup()[pri:0, instance:com.mindtree.testcases.HomePageTest@7b02e036]" started-at="2022-06-01T20:13:43 IST" name="setup" finished-at="2022-06-01T20:13:49 IST" duration-ms="5859" status="PASS">
          <reporter-output>
          </reporter-output>
        </test-method> <!-- setup -->
        <test-method signature="HomePage()[pri:0, instance:com.mindtree.testcases.HomePageTest@7b02e036]" started-at="2022-06-01T20:13:49 IST" name="HomePage" finished-at="2022-06-01T20:13:56 IST" duration-ms="7078" status="PASS">
          <reporter-output>
          </reporter-output>
        </test-method> <!-- HomePage -->
        <test-method is-config="true" signature="tearDown()[pri:0, instance:com.mindtree.testcases.HomePageTest@7b02e036]" started-at="2022-06-01T20:15:06 IST" name="tearDown" finished-at="2022-06-01T20:15:10 IST" duration-ms="4235" status="PASS">
          <reporter-output>
          </reporter-output>
        </test-method> <!-- tearDown -->
      </class> <!-- com.mindtree.testcases.HomePageTest -->
      <class name="com.mindtree.testcases.AddToCartTest">
        <test-method signature="AddCart()[pri:0, instance:com.mindtree.testcases.AddToCartTest@64b31700]" started-at="2022-06-01T20:14:32 IST" name="AddCart" finished-at="2022-06-01T20:14:37 IST" duration-ms="5873" status="PASS">
          <reporter-output>
          </reporter-output>
        </test-method> <!-- AddCart -->
      </class> <!-- com.mindtree.testcases.AddToCartTest -->
      <class name="com.mindtree.testcases.SelectProductTest">
        <test-method signature="select()[pri:0, instance:com.mindtree.testcases.SelectProductTest@3be8821f]" started-at="2022-06-01T20:14:22 IST" name="select" finished-at="2022-06-01T20:14:32 IST" duration-ms="9584" status="PASS">
          <reporter-output>
          </reporter-output>
        </test-method> <!-- select -->
      </class> <!-- com.mindtree.testcases.SelectProductTest -->
      <class name="com.mindtree.testcases.LoginTest">
        <test-method signature="Login()[pri:0, instance:com.mindtree.testcases.LoginTest@66b72664]" started-at="2022-06-01T20:14:02 IST" name="Login" finished-at="2022-06-01T20:14:12 IST" duration-ms="10303" status="PASS">
          <reporter-output>
          </reporter-output>
        </test-method> <!-- Login -->
      </class> <!-- com.mindtree.testcases.LoginTest -->
      <class name="com.mindtree.testcases.HelpTest">
        <test-method signature="HelpPage()[pri:0, instance:com.mindtree.testcases.HelpTest@74a9c4b0]" started-at="2022-06-01T20:14:56 IST" name="HelpPage" finished-at="2022-06-01T20:14:57 IST" duration-ms="721" status="FAIL">
          <exception class="org.openqa.selenium.UnhandledAlertException">
            <message>
              <![CDATA[unexpected alert open: {Alert text : Oops. Something went wrong. Please try again later.}
  (Session info: chrome=102.0.5005.63): Oops. Something went wrong. Please try again later.
Build info: version: '4.1.4', revision: '535d840ee2'
System info: host: 'MINDC1D271', ip: '172.16.31.55', os.name: 'Windows 10', os.arch: 'amd64', os.version: '10.0', java.version: '17.0.2'
Driver info: org.openqa.selenium.chrome.ChromeDriver
Command: [d4ea25d15cf3c17bc1b149a8aefe9b5b, findElement {using=xpath, value=//a[@class='inherit contact-channel'][normalize-space()='Help']}]
Capabilities {acceptInsecureCerts: false, browserName: chrome, browserVersion: 102.0.5005.63, chrome: {chromedriverVersion: 102.0.5005.61 (0e59bcc00cc4..., userDataDir: C:\Users\MINDSD~1\AppData\L...}, goog:chromeOptions: {debuggerAddress: localhost:50074}, javascriptEnabled: true, networkConnectionEnabled: false, pageLoadStrategy: normal, platform: WINDOWS, platformName: WINDOWS, proxy: Proxy(), se:cdp: ws://localhost:50074/devtoo..., se:cdpVersion: 102.0.5005.63, setWindowRect: true, strictFileInteractability: false, timeouts: {implicit: 0, pageLoad: 300000, script: 30000}, unhandledPromptBehavior: dismiss and notify, webauthn:extension:credBlob: true, webauthn:extension:largeBlob: true, webauthn:virtualAuthenticators: true}
Session ID: d4ea25d15cf3c17bc1b149a8aefe9b5b]]>
            </message>
            <full-stacktrace>
              <![CDATA[org.openqa.selenium.UnhandledAlertException: unexpected alert open: {Alert text : Oops. Something went wrong. Please try again later.}
  (Session info: chrome=102.0.5005.63): Oops. Something went wrong. Please try again later.
Build info: version: '4.1.4', revision: '535d840ee2'
System info: host: 'MINDC1D271', ip: '172.16.31.55', os.name: 'Windows 10', os.arch: 'amd64', os.version: '10.0', java.version: '17.0.2'
Driver info: org.openqa.selenium.chrome.ChromeDriver
Command: [d4ea25d15cf3c17bc1b149a8aefe9b5b, findElement {using=xpath, value=//a[@class='inherit contact-channel'][normalize-space()='Help']}]
Capabilities {acceptInsecureCerts: false, browserName: chrome, browserVersion: 102.0.5005.63, chrome: {chromedriverVersion: 102.0.5005.61 (0e59bcc00cc4..., userDataDir: C:\Users\MINDSD~1\AppData\L...}, goog:chromeOptions: {debuggerAddress: localhost:50074}, javascriptEnabled: true, networkConnectionEnabled: false, pageLoadStrategy: normal, platform: WINDOWS, platformName: WINDOWS, proxy: Proxy(), se:cdp: ws://localhost:50074/devtoo..., se:cdpVersion: 102.0.5005.63, setWindowRect: true, strictFileInteractability: false, timeouts: {implicit: 0, pageLoad: 300000, script: 30000}, unhandledPromptBehavior: dismiss and notify, webauthn:extension:credBlob: true, webauthn:extension:largeBlob: true, webauthn:virtualAuthenticators: true}
Session ID: d4ea25d15cf3c17bc1b149a8aefe9b5b
at org.openqa.selenium.remote.codec.w3c.W3CHttpResponseCodec.decode(W3CHttpResponseCodec.java:131)
at org.openqa.selenium.remote.codec.w3c.W3CHttpResponseCodec.decode(W3CHttpResponseCodec.java:53)
at org.openqa.selenium.remote.HttpCommandExecutor.execute(HttpCommandExecutor.java:184)
at org.openqa.selenium.remote.service.DriverCommandExecutor.invokeExecute(DriverCommandExecutor.java:167)
at org.openqa.selenium.remote.service.DriverCommandExecutor.execute(DriverCommandExecutor.java:142)
at org.openqa.selenium.remote.RemoteWebDriver.execute(RemoteWebDriver.java:567)
at org.openqa.selenium.remote.ElementLocation$ElementFinder$2.findElement(ElementLocation.java:162)
at org.openqa.selenium.remote.ElementLocation.findElement(ElementLocation.java:60)
at org.openqa.selenium.remote.RemoteWebDriver.findElement(RemoteWebDriver.java:385)
at org.openqa.selenium.remote.RemoteWebDriver.findElement(RemoteWebDriver.java:377)
at org.openqa.selenium.support.pagefactory.DefaultElementLocator.findElement(DefaultElementLocator.java:70)
at org.openqa.selenium.support.pagefactory.internal.LocatingElementHandler.invoke(LocatingElementHandler.java:39)
at jdk.proxy2/jdk.proxy2.$Proxy32.click(Unknown Source)
at com.mindtree.testcases.HelpTest.HelpPage(HelpTest.java:16)
at java.base/jdk.internal.reflect.NativeMethodAccessorImpl.invoke0(Native Method)
at java.base/jdk.internal.reflect.NativeMethodAccessorImpl.invoke(NativeMethodAccessorImpl.java:77)
at java.base/jdk.internal.reflect.DelegatingMethodAccessorImpl.invoke(DelegatingMethodAccessorImpl.java:43)
at java.base/java.lang.reflect.Method.invoke(Method.java:568)
at org.testng.internal.invokers.MethodInvocationHelper.invokeMethod(MethodInvocationHelper.java:135)
at org.testng.internal.invokers.TestInvoker.invokeMethod(TestInvoker.java:673)
at org.testng.internal.invokers.TestInvoker.invokeTestMethod(TestInvoker.java:220)
at org.testng.internal.invokers.MethodRunner.runInSequence(MethodRunner.java:50)
at org.testng.internal.invokers.TestInvoker$MethodInvocationAgent.invoke(TestInvoker.java:945)
at org.testng.internal.invokers.TestInvoker.invokeTestMethods(TestInvoker.java:193)
at org.testng.internal.invokers.TestMethodWorker.invokeTestMethods(TestMethodWorker.java:146)
at org.testng.internal.invokers.TestMethodWorker.run(TestMethodWorker.java:128)
at java.base/java.util.ArrayList.forEach(ArrayList.java:1511)
at org.testng.TestRunner.privateRun(TestRunner.java:808)
at org.testng.TestRunner.run(TestRunner.java:603)
at org.testng.SuiteRunner.runTest(SuiteRunner.java:429)
at org.testng.SuiteRunner.runSequentially(SuiteRunner.java:423)
at org.testng.SuiteRunner.privateRun(SuiteRunner.java:383)
at org.testng.SuiteRunner.run(SuiteRunner.java:326)
at org.testng.SuiteRunnerWorker.runSuite(SuiteRunnerWorker.java:52)
at org.testng.SuiteRunnerWorker.run(SuiteRunnerWorker.java:95)
at org.testng.TestNG.runSuitesSequentially(TestNG.java:1249)
at org.testng.TestNG.runSuitesLocally(TestNG.java:1169)
at org.testng.TestNG.runSuites(TestNG.java:1092)
at org.testng.TestNG.run(TestNG.java:1060)
at org.testng.remote.AbstractRemoteTestNG.run(AbstractRemoteTestNG.java:115)
at org.testng.remote.RemoteTestNG.initAndRun(RemoteTestNG.java:251)
at org.testng.remote.RemoteTestNG.main(RemoteTestNG.java:77)
]]>
            </full-stacktrace>
          </exception> <!-- org.openqa.selenium.UnhandledAlertException -->
          <reporter-output>
          </reporter-output>
        </test-method> <!-- HelpPage -->
      </class> <!-- com.mindtree.testcases.HelpTest -->
      <class name="com.mindtree.testcases.TrackOrderTest">
        <test-method signature="track()[pri:0, instance:com.mindtree.testcases.TrackOrderTest@3b65e559]" started-at="2022-06-01T20:14:37 IST" name="track" finished-at="2022-06-01T20:14:48 IST" duration-ms="10555" status="PASS">
          <reporter-output>
          </reporter-output>
        </test-method> <!-- track -->
      </class> <!-- com.mindtree.testcases.TrackOrderTest -->
      <class name="com.mindtree.testcases.LogoutTest">
        <test-method signature="Login()[pri:0, instance:com.mindtree.testcases.LogoutTest@7a34b7b8]" started-at="2022-06-01T20:14:12 IST" name="Login" finished-at="2022-06-01T20:14:17 IST" duration-ms="4106" status="PASS">
          <reporter-output>
          </reporter-output>
        </test-method> <!-- Login -->
      </class> <!-- com.mindtree.testcases.LogoutTest -->
      <class name="com.mindtree.testcases.SignUpTest">
        <test-method signature="SignUP()[pri:0, instance:com.mindtree.testcases.SignUpTest@308a6984]" started-at="2022-06-01T20:13:56 IST" name="SignUP" finished-at="2022-06-01T20:14:02 IST" duration-ms="5705" status="PASS">
          <reporter-output>
          </reporter-output>
        </test-method> <!-- SignUP -->
      </class> <!-- com.mindtree.testcases.SignUpTest -->
      <class name="com.mindtree.testcases.ContactUsTest">
        <test-method signature="ContactPage()[pri:0, instance:com.mindtree.testcases.ContactUsTest@85ec632]" started-at="2022-06-01T20:14:58 IST" name="ContactPage" finished-at="2022-06-01T20:15:06 IST" duration-ms="8029" status="PASS">
          <reporter-output>
          </reporter-output>
        </test-method> <!-- ContactPage -->
      </class> <!-- com.mindtree.testcases.ContactUsTest -->
      <class name="com.mindtree.testcases.GiftcardTest">
        <test-method signature="GiftCard()[pri:0, instance:com.mindtree.testcases.GiftcardTest@bae47a0]" started-at="2022-06-01T20:14:48 IST" name="GiftCard" finished-at="2022-06-01T20:14:56 IST" duration-ms="8102" status="PASS">
          <reporter-output>
          </reporter-output>
        </test-method> <!-- GiftCard -->
      </class> <!-- com.mindtree.testcases.GiftcardTest -->
    </test> <!-- Test -->
  </suite> <!-- Suite -->
</testng-results>
